c:\users\aleix\documents\github\advanced-volume-graphics\visualstudio15\vs2015\debug\camera.obj
c:\users\aleix\documents\github\advanced-volume-graphics\visualstudio15\vs2015\debug\math3d.obj
c:\users\aleix\documents\github\advanced-volume-graphics\visualstudio15\vs2015\debug\imcurveedit.obj
c:\users\aleix\documents\github\advanced-volume-graphics\visualstudio15\vs2015\debug\imgui_demo.obj
c:\users\aleix\documents\github\advanced-volume-graphics\visualstudio15\vs2015\debug\imgui_impl_sdl.obj
c:\users\aleix\documents\github\advanced-volume-graphics\visualstudio15\vs2015\debug\framework.obj
c:\users\aleix\documents\github\advanced-volume-graphics\visualstudio15\vs2015\debug\main.obj
c:\users\aleix\documents\github\advanced-volume-graphics\visualstudio15\vs2015\debug\scenenode.obj
c:\users\aleix\documents\github\advanced-volume-graphics\visualstudio15\vs2015\debug\volume.obj
c:\users\aleix\documents\github\advanced-volume-graphics\visualstudio15\vs2015\debug\box.obj
c:\users\aleix\documents\github\advanced-volume-graphics\visualstudio15\vs2015\debug\coldet_bld.obj
c:\users\aleix\documents\github\advanced-volume-graphics\visualstudio15\vs2015\debug\mytritri.obj
c:\users\aleix\documents\github\advanced-volume-graphics\visualstudio15\vs2015\debug\imgui.obj
c:\users\aleix\documents\github\advanced-volume-graphics\visualstudio15\vs2015\debug\picopng.obj
c:\users\aleix\documents\github\advanced-volume-graphics\visualstudio15\vs2015\debug\fbo.obj
c:\users\aleix\documents\github\advanced-volume-graphics\visualstudio15\vs2015\debug\material.obj
c:\users\aleix\documents\github\advanced-volume-graphics\visualstudio15\vs2015\debug\shader.obj
c:\users\aleix\documents\github\advanced-volume-graphics\visualstudio15\vs2015\debug\box_bld.obj
c:\users\aleix\documents\github\advanced-volume-graphics\visualstudio15\vs2015\debug\coldet.obj
c:\users\aleix\documents\github\advanced-volume-graphics\visualstudio15\vs2015\debug\sysdep.obj
c:\users\aleix\documents\github\advanced-volume-graphics\visualstudio15\vs2015\debug\imgradient.obj
c:\users\aleix\documents\github\advanced-volume-graphics\visualstudio15\vs2015\debug\imguizmo.obj
c:\users\aleix\documents\github\advanced-volume-graphics\visualstudio15\vs2015\debug\imgui_impl_opengl3.obj
c:\users\aleix\documents\github\advanced-volume-graphics\visualstudio15\vs2015\debug\imgui_widgets.obj
c:\users\aleix\documents\github\advanced-volume-graphics\visualstudio15\vs2015\debug\textparser.obj
c:\users\aleix\documents\github\advanced-volume-graphics\visualstudio15\vs2015\debug\application.obj
c:\users\aleix\documents\github\advanced-volume-graphics\visualstudio15\vs2015\debug\rendertotexture.obj
c:\users\aleix\documents\github\advanced-volume-graphics\visualstudio15\vs2015\debug\texture.obj
c:\users\aleix\documents\github\advanced-volume-graphics\visualstudio15\vs2015\debug\animation.obj
c:\users\aleix\documents\github\advanced-volume-graphics\visualstudio15\vs2015\debug\hdre.obj
c:\users\aleix\documents\github\advanced-volume-graphics\visualstudio15\vs2015\debug\imgui_draw.obj
c:\users\aleix\documents\github\advanced-volume-graphics\visualstudio15\vs2015\debug\imsequencer.obj
c:\users\aleix\documents\github\advanced-volume-graphics\visualstudio15\vs2015\debug\pvmparser.obj
c:\users\aleix\documents\github\advanced-volume-graphics\visualstudio15\vs2015\debug\input.obj
c:\users\aleix\documents\github\advanced-volume-graphics\visualstudio15\vs2015\debug\mesh.obj
c:\users\aleix\documents\github\advanced-volume-graphics\visualstudio15\vs2015\debug\utils.obj
c:\users\aleix\documents\github\advanced-volume-graphics\visualstudio15\vs2015\debug\vc143.pdb
c:\users\aleix\documents\github\advanced-volume-graphics\visualstudio15\vs2015\debug\vc143.idb
c:\users\aleix\documents\github\advanced-volume-graphics\visualstudio15\vs2015\debug\tritri.obj
c:\users\aleix\documents\github\advanced-volume-graphics\framework_debug.exe
c:\users\aleix\documents\github\advanced-volume-graphics\framework_debug.pdb
c:\users\aleix\documents\github\advanced-volume-graphics\visualstudio15\vs2015\debug\framework.tlog\cl.command.1.tlog
c:\users\aleix\documents\github\advanced-volume-graphics\visualstudio15\vs2015\debug\framework.tlog\cl.read.1.tlog
c:\users\aleix\documents\github\advanced-volume-graphics\visualstudio15\vs2015\debug\framework.tlog\cl.write.1.tlog
c:\users\aleix\documents\github\advanced-volume-graphics\visualstudio15\vs2015\debug\framework.tlog\link.command.1.tlog
c:\users\aleix\documents\github\advanced-volume-graphics\visualstudio15\vs2015\debug\framework.tlog\link.read.1.tlog
c:\users\aleix\documents\github\advanced-volume-graphics\visualstudio15\vs2015\debug\framework.tlog\link.write.1.tlog
